c:\users\calli\documents\uni work\4th year\405\wffc-edit\woffcedit\debug\vc143.pdb
c:\users\calli\documents\uni work\4th year\405\wffc-edit\woffcedit\debug\vc143.idb
c:\users\calli\documents\uni work\4th year\405\wffc-edit\woffcedit\debug\toolmain.obj
c:\users\calli\documents\uni work\4th year\405\wffc-edit\woffcedit\debug\selectdialogue.obj
c:\users\calli\documents\uni work\4th year\405\wffc-edit\woffcedit\debug\sceneobject.obj
c:\users\calli\documents\uni work\4th year\405\wffc-edit\woffcedit\debug\mfcmain.obj
c:\users\calli\documents\uni work\4th year\405\wffc-edit\woffcedit\debug\pch.obj
c:\users\calli\documents\uni work\4th year\405\wffc-edit\woffcedit\debug\mfcrenderframe.obj
c:\users\calli\documents\uni work\4th year\405\wffc-edit\woffcedit\debug\mfcframe.obj
c:\users\calli\documents\uni work\4th year\405\wffc-edit\woffcedit\debug\main.obj
c:\users\calli\documents\uni work\4th year\405\wffc-edit\woffcedit\debug\game.obj
c:\users\calli\documents\uni work\4th year\405\wffc-edit\woffcedit\debug\displayobject.obj
c:\users\calli\documents\uni work\4th year\405\wffc-edit\woffcedit\debug\displaychunk.obj
c:\users\calli\documents\uni work\4th year\405\wffc-edit\woffcedit\debug\deviceresources.obj
c:\users\calli\documents\uni work\4th year\405\wffc-edit\woffcedit\debug\chunkobject.obj
c:\users\calli\documents\uni work\4th year\405\wffc-edit\woffcedit\debug\cameracontroller.obj
c:\users\calli\documents\uni work\4th year\405\wffc-edit\woffcedit\debug\sqlite3.obj
c:\users\calli\documents\uni work\4th year\405\wffc-edit\woffcedit\debug\win32simplesample.res
c:\users\calli\documents\uni work\4th year\405\wffc-edit\woffcedit\debug\wofedit.pdb
c:\users\calli\documents\uni work\4th year\405\wffc-edit\woffcedit\debug\wofedit.tlog\cl.command.1.tlog
c:\users\calli\documents\uni work\4th year\405\wffc-edit\woffcedit\debug\wofedit.tlog\cl.items.tlog
c:\users\calli\documents\uni work\4th year\405\wffc-edit\woffcedit\debug\wofedit.tlog\cl.read.1.tlog
c:\users\calli\documents\uni work\4th year\405\wffc-edit\woffcedit\debug\wofedit.tlog\cl.write.1.tlog
c:\users\calli\documents\uni work\4th year\405\wffc-edit\woffcedit\debug\wofedit.tlog\link-cvtres.read.1.tlog
c:\users\calli\documents\uni work\4th year\405\wffc-edit\woffcedit\debug\wofedit.tlog\link-cvtres.write.1.tlog
c:\users\calli\documents\uni work\4th year\405\wffc-edit\woffcedit\debug\wofedit.tlog\link-mt.read.1.tlog
c:\users\calli\documents\uni work\4th year\405\wffc-edit\woffcedit\debug\wofedit.tlog\link-mt.write.1.tlog
c:\users\calli\documents\uni work\4th year\405\wffc-edit\woffcedit\debug\wofedit.tlog\link-rc.read.1.tlog
c:\users\calli\documents\uni work\4th year\405\wffc-edit\woffcedit\debug\wofedit.tlog\link-rc.write.1.tlog
c:\users\calli\documents\uni work\4th year\405\wffc-edit\woffcedit\debug\wofedit.tlog\link.28652-cvtres.read.1.tlog
c:\users\calli\documents\uni work\4th year\405\wffc-edit\woffcedit\debug\wofedit.tlog\link.28652-cvtres.write.1.tlog
c:\users\calli\documents\uni work\4th year\405\wffc-edit\woffcedit\debug\wofedit.tlog\link.28652-mt.read.1.tlog
c:\users\calli\documents\uni work\4th year\405\wffc-edit\woffcedit\debug\wofedit.tlog\link.28652-mt.write.1.tlog
c:\users\calli\documents\uni work\4th year\405\wffc-edit\woffcedit\debug\wofedit.tlog\link.28652-rc.read.1.tlog
c:\users\calli\documents\uni work\4th year\405\wffc-edit\woffcedit\debug\wofedit.tlog\link.28652-rc.write.1.tlog
c:\users\calli\documents\uni work\4th year\405\wffc-edit\woffcedit\debug\wofedit.tlog\link.28652.read.1.tlog
c:\users\calli\documents\uni work\4th year\405\wffc-edit\woffcedit\debug\wofedit.tlog\link.28652.write.1.tlog
c:\users\calli\documents\uni work\4th year\405\wffc-edit\woffcedit\debug\wofedit.tlog\link.command.1.tlog
c:\users\calli\documents\uni work\4th year\405\wffc-edit\woffcedit\debug\wofedit.tlog\link.read.1.tlog
c:\users\calli\documents\uni work\4th year\405\wffc-edit\woffcedit\debug\wofedit.tlog\link.write.1.tlog
c:\users\calli\documents\uni work\4th year\405\wffc-edit\woffcedit\debug\wofedit.tlog\rc.command.1.tlog
c:\users\calli\documents\uni work\4th year\405\wffc-edit\woffcedit\debug\wofedit.tlog\rc.read.1.tlog
c:\users\calli\documents\uni work\4th year\405\wffc-edit\woffcedit\debug\wofedit.tlog\rc.write.1.tlog
